[0.014s] Invoking command in '/Users/kshitij/Documents/ros2/writing_turtle/build/turtle_writer': CMAKE_PREFIX_PATH=${CMAKE_PREFIX_PATH}:/Users/kshitij/miniforge3/envs/ros_env CONDA_PROMPT_MODIFIER=(ros_env) SHLVL=2 _=/usr/bin/env __CF_USER_TEXT_ENCODING=0x1F5:0x0:0x0 /opt/homebrew/bin/cmake --build /Users/kshitij/Documents/ros2/writing_turtle/build/turtle_writer -- -j8 -l8
[0.076s] Invoked command in '/Users/kshitij/Documents/ros2/writing_turtle/build/turtle_writer' returned '0': CMAKE_PREFIX_PATH=${CMAKE_PREFIX_PATH}:/Users/kshitij/miniforge3/envs/ros_env CONDA_PROMPT_MODIFIER=(ros_env) SHLVL=2 _=/usr/bin/env __CF_USER_TEXT_ENCODING=0x1F5:0x0:0x0 /opt/homebrew/bin/cmake --build /Users/kshitij/Documents/ros2/writing_turtle/build/turtle_writer -- -j8 -l8
[0.091s] Invoking command in '/Users/kshitij/Documents/ros2/writing_turtle/build/turtle_writer': CMAKE_PREFIX_PATH=${CMAKE_PREFIX_PATH}:/Users/kshitij/miniforge3/envs/ros_env CONDA_PROMPT_MODIFIER=(ros_env) SHLVL=2 _=/usr/bin/env __CF_USER_TEXT_ENCODING=0x1F5:0x0:0x0 /opt/homebrew/bin/cmake --install /Users/kshitij/Documents/ros2/writing_turtle/build/turtle_writer
[0.096s] -- Install configuration: ""
[0.098s] -- Execute custom install script
[0.098s] -- Up-to-date symlink: /Users/kshitij/Documents/ros2/writing_turtle/install/turtle_writer/share/ament_index/resource_index/package_run_dependencies/turtle_writer
[0.098s] -- Up-to-date symlink: /Users/kshitij/Documents/ros2/writing_turtle/install/turtle_writer/share/ament_index/resource_index/parent_prefix_path/turtle_writer
[0.099s] -- Up-to-date symlink: /Users/kshitij/Documents/ros2/writing_turtle/install/turtle_writer/share/turtle_writer/environment/ament_prefix_path.sh
[0.099s] -- Up-to-date symlink: /Users/kshitij/Documents/ros2/writing_turtle/install/turtle_writer/share/turtle_writer/environment/ament_prefix_path.dsv
[0.099s] -- Up-to-date symlink: /Users/kshitij/Documents/ros2/writing_turtle/install/turtle_writer/share/turtle_writer/environment/path.sh
[0.099s] -- Up-to-date symlink: /Users/kshitij/Documents/ros2/writing_turtle/install/turtle_writer/share/turtle_writer/environment/path.dsv
[0.099s] -- Up-to-date symlink: /Users/kshitij/Documents/ros2/writing_turtle/install/turtle_writer/share/turtle_writer/local_setup.bash
[0.099s] -- Up-to-date symlink: /Users/kshitij/Documents/ros2/writing_turtle/install/turtle_writer/share/turtle_writer/local_setup.sh
[0.100s] -- Up-to-date symlink: /Users/kshitij/Documents/ros2/writing_turtle/install/turtle_writer/share/turtle_writer/local_setup.zsh
[0.100s] -- Up-to-date symlink: /Users/kshitij/Documents/ros2/writing_turtle/install/turtle_writer/share/turtle_writer/local_setup.dsv
[0.100s] -- Symlinking: /Users/kshitij/Documents/ros2/writing_turtle/install/turtle_writer/share/turtle_writer/package.dsv
[0.107s] -- Up-to-date symlink: /Users/kshitij/Documents/ros2/writing_turtle/install/turtle_writer/share/ament_index/resource_index/packages/turtle_writer
[0.107s] -- Up-to-date symlink: /Users/kshitij/Documents/ros2/writing_turtle/install/turtle_writer/share/turtle_writer/cmake/turtle_writerConfig.cmake
[0.107s] -- Up-to-date symlink: /Users/kshitij/Documents/ros2/writing_turtle/install/turtle_writer/share/turtle_writer/cmake/turtle_writerConfig-version.cmake
[0.107s] -- Up-to-date symlink: /Users/kshitij/Documents/ros2/writing_turtle/install/turtle_writer/share/turtle_writer/package.xml
[0.108s] Invoked command in '/Users/kshitij/Documents/ros2/writing_turtle/build/turtle_writer' returned '0': CMAKE_PREFIX_PATH=${CMAKE_PREFIX_PATH}:/Users/kshitij/miniforge3/envs/ros_env CONDA_PROMPT_MODIFIER=(ros_env) SHLVL=2 _=/usr/bin/env __CF_USER_TEXT_ENCODING=0x1F5:0x0:0x0 /opt/homebrew/bin/cmake --install /Users/kshitij/Documents/ros2/writing_turtle/build/turtle_writer
