[0.297s] [34mcolcon[0m [1;30mDEBUG[0m [32mCommand line arguments: ['/Users/kshitij/miniforge3/envs/ros_env/bin/colcon', 'build'][0m
[0.297s] [34mcolcon[0m [1;30mDEBUG[0m [32mParsed command line arguments: Namespace(log_base=None, log_level=None, verb_name='build', build_base='build', install_base='install', merge_install=False, symlink_install=False, test_result_base=None, continue_on_error=False, executor='parallel', parallel_workers=8, event_handlers=None, ignore_user_meta=False, metas=['./colcon.meta'], base_paths=['.'], packages_ignore=None, packages_ignore_regex=None, paths=None, packages_up_to=None, packages_up_to_regex=None, packages_above=None, packages_above_and_dependencies=None, packages_above_depth=None, packages_select_by_dep=None, packages_skip_by_dep=None, packages_skip_up_to=None, packages_select_build_failed=False, packages_skip_build_finished=False, packages_select_test_failures=False, packages_skip_test_passed=False, packages_select=None, packages_skip=None, packages_select_regex=None, packages_skip_regex=None, packages_start=None, packages_end=None, cmake_args=None, cmake_target=None, cmake_target_skip_unavailable=False, cmake_clean_cache=False, cmake_clean_first=False, cmake_force_configure=False, ament_cmake_args=None, catkin_cmake_args=None, catkin_skip_building_tests=False, verb_parser=<colcon_defaults.argument_parser.defaults.DefaultArgumentsDecorator object at 0x1016eae90>, verb_extension=<colcon_core.verb.build.BuildVerb object at 0x1016eab10>, main=<bound method BuildVerb.main of <colcon_core.verb.build.BuildVerb object at 0x1016eab10>>)[0m
[0.342s] [34mcolcon.colcon_core.package_discovery[0m [1;30mLevel 1[0m discover_packages(colcon_meta) check parameters
[0.342s] [34mcolcon.colcon_core.package_discovery[0m [1;30mLevel 1[0m discover_packages(recursive) check parameters
[0.342s] [34mcolcon.colcon_core.package_discovery[0m [1;30mLevel 1[0m discover_packages(ignore) check parameters
[0.342s] [34mcolcon.colcon_core.package_discovery[0m [1;30mLevel 1[0m discover_packages(path) check parameters
[0.342s] [34mcolcon.colcon_core.package_discovery[0m [1;30mLevel 1[0m discover_packages(colcon_meta) discover
[0.342s] [34mcolcon.colcon_core.package_discovery[0m [1;30mLevel 1[0m discover_packages(recursive) discover
[0.342s] [34mcolcon.colcon_core.package_discovery[0m [1;30mINFO[0m Crawling recursively for packages in '/Users/kshitij/Documents/ros2/writing_turtle'
[0.342s] [34mcolcon.colcon_core.package_identification[0m [1;30mLevel 1[0m _identify(.) by extensions ['ignore', 'ignore_ament_install']
[0.342s] [34mcolcon.colcon_core.package_identification[0m [1;30mLevel 1[0m _identify(.) by extension 'ignore'
[0.342s] [34mcolcon.colcon_core.package_identification[0m [1;30mLevel 1[0m _identify(.) by extension 'ignore_ament_install'
[0.342s] [34mcolcon.colcon_core.package_identification[0m [1;30mLevel 1[0m _identify(.) by extensions ['colcon_pkg']
[0.342s] [34mcolcon.colcon_core.package_identification[0m [1;30mLevel 1[0m _identify(.) by extension 'colcon_pkg'
[0.342s] [34mcolcon.colcon_core.package_identification[0m [1;30mLevel 1[0m _identify(.) by extensions ['colcon_meta']
[0.342s] [34mcolcon.colcon_core.package_identification[0m [1;30mLevel 1[0m _identify(.) by extension 'colcon_meta'
[0.342s] [34mcolcon.colcon_core.package_identification[0m [1;30mLevel 1[0m _identify(.) by extensions ['ros']
[0.342s] [34mcolcon.colcon_core.package_identification[0m [1;30mLevel 1[0m _identify(.) by extension 'ros'
[0.371s] [34mcolcon.colcon_core.package_identification[0m [1;30mLevel 1[0m _identify(.) by extensions ['cmake', 'python']
[0.371s] [34mcolcon.colcon_core.package_identification[0m [1;30mLevel 1[0m _identify(.) by extension 'cmake'
[0.371s] [34mcolcon.colcon_core.package_identification[0m [1;30mLevel 1[0m _identify(.) by extension 'python'
[0.371s] [34mcolcon.colcon_core.package_identification[0m [1;30mLevel 1[0m _identify(.) by extensions ['python_setup_py']
[0.371s] [34mcolcon.colcon_core.package_identification[0m [1;30mLevel 1[0m _identify(.) by extension 'python_setup_py'
[0.371s] [34mcolcon.colcon_core.package_identification[0m [1;30mLevel 1[0m _identify(build) by extensions ['ignore', 'ignore_ament_install']
[0.371s] [34mcolcon.colcon_core.package_identification[0m [1;30mLevel 1[0m _identify(build) by extension 'ignore'
[0.371s] [34mcolcon.colcon_core.package_identification[0m [1;30mLevel 1[0m _identify(build) ignored
[0.371s] [34mcolcon.colcon_core.package_identification[0m [1;30mLevel 1[0m _identify(install) by extensions ['ignore', 'ignore_ament_install']
[0.371s] [34mcolcon.colcon_core.package_identification[0m [1;30mLevel 1[0m _identify(install) by extension 'ignore'
[0.371s] [34mcolcon.colcon_core.package_identification[0m [1;30mLevel 1[0m _identify(install) ignored
[0.371s] [34mcolcon.colcon_core.package_identification[0m [1;30mLevel 1[0m _identify(log) by extensions ['ignore', 'ignore_ament_install']
[0.371s] [34mcolcon.colcon_core.package_identification[0m [1;30mLevel 1[0m _identify(log) by extension 'ignore'
[0.371s] [34mcolcon.colcon_core.package_identification[0m [1;30mLevel 1[0m _identify(log) ignored
[0.371s] [34mcolcon.colcon_core.package_identification[0m [1;30mLevel 1[0m _identify(turtle_writer) by extensions ['ignore', 'ignore_ament_install']
[0.371s] [34mcolcon.colcon_core.package_identification[0m [1;30mLevel 1[0m _identify(turtle_writer) by extension 'ignore'
[0.371s] [34mcolcon.colcon_core.package_identification[0m [1;30mLevel 1[0m _identify(turtle_writer) by extension 'ignore_ament_install'
[0.371s] [34mcolcon.colcon_core.package_identification[0m [1;30mLevel 1[0m _identify(turtle_writer) by extensions ['colcon_pkg']
[0.371s] [34mcolcon.colcon_core.package_identification[0m [1;30mLevel 1[0m _identify(turtle_writer) by extension 'colcon_pkg'
[0.371s] [34mcolcon.colcon_core.package_identification[0m [1;30mLevel 1[0m _identify(turtle_writer) by extensions ['colcon_meta']
[0.371s] [34mcolcon.colcon_core.package_identification[0m [1;30mLevel 1[0m _identify(turtle_writer) by extension 'colcon_meta'
[0.371s] [34mcolcon.colcon_core.package_identification[0m [1;30mLevel 1[0m _identify(turtle_writer) by extensions ['ros']
[0.371s] [34mcolcon.colcon_core.package_identification[0m [1;30mLevel 1[0m _identify(turtle_writer) by extension 'ros'
[0.374s] [34mcolcon.colcon_core.package_identification[0m [1;30mDEBUG[0m [32mPackage 'turtle_writer' with type 'ros.ament_cmake' and name 'turtle_writer'[0m
[0.374s] [34mcolcon.colcon_core.package_discovery[0m [1;30mLevel 1[0m discover_packages(recursive) using defaults
[0.374s] [34mcolcon.colcon_core.package_discovery[0m [1;30mLevel 1[0m discover_packages(ignore) discover
[0.374s] [34mcolcon.colcon_core.package_discovery[0m [1;30mLevel 1[0m discover_packages(ignore) using defaults
[0.374s] [34mcolcon.colcon_core.package_discovery[0m [1;30mLevel 1[0m discover_packages(path) discover
[0.374s] [34mcolcon.colcon_core.package_discovery[0m [1;30mLevel 1[0m discover_packages(path) using defaults
[0.389s] [34mcolcon.colcon_core.verb[0m [1;30mLevel 5[0m set package 'turtle_writer' build argument 'cmake_args' from command line to 'None'
[0.389s] [34mcolcon.colcon_core.verb[0m [1;30mLevel 5[0m set package 'turtle_writer' build argument 'cmake_target' from command line to 'None'
[0.389s] [34mcolcon.colcon_core.verb[0m [1;30mLevel 5[0m set package 'turtle_writer' build argument 'cmake_target_skip_unavailable' from command line to 'False'
[0.389s] [34mcolcon.colcon_core.verb[0m [1;30mLevel 5[0m set package 'turtle_writer' build argument 'cmake_clean_cache' from command line to 'False'
[0.389s] [34mcolcon.colcon_core.verb[0m [1;30mLevel 5[0m set package 'turtle_writer' build argument 'cmake_clean_first' from command line to 'False'
[0.389s] [34mcolcon.colcon_core.verb[0m [1;30mLevel 5[0m set package 'turtle_writer' build argument 'cmake_force_configure' from command line to 'False'
[0.389s] [34mcolcon.colcon_core.verb[0m [1;30mLevel 5[0m set package 'turtle_writer' build argument 'ament_cmake_args' from command line to 'None'
[0.389s] [34mcolcon.colcon_core.verb[0m [1;30mLevel 5[0m set package 'turtle_writer' build argument 'catkin_cmake_args' from command line to 'None'
[0.389s] [34mcolcon.colcon_core.verb[0m [1;30mLevel 5[0m set package 'turtle_writer' build argument 'catkin_skip_building_tests' from command line to 'False'
[0.389s] [34mcolcon.colcon_core.verb[0m [1;30mDEBUG[0m [32mBuilding package 'turtle_writer' with the following arguments: {'ament_cmake_args': None, 'build_base': '/Users/kshitij/Documents/ros2/writing_turtle/build/turtle_writer', 'catkin_cmake_args': None, 'catkin_skip_building_tests': False, 'cmake_args': None, 'cmake_clean_cache': False, 'cmake_clean_first': False, 'cmake_force_configure': False, 'cmake_target': None, 'cmake_target_skip_unavailable': False, 'install_base': '/Users/kshitij/Documents/ros2/writing_turtle/install/turtle_writer', 'merge_install': False, 'path': '/Users/kshitij/Documents/ros2/writing_turtle/turtle_writer', 'symlink_install': False, 'test_result_base': None}[0m
[0.389s] [34mcolcon.colcon_core.executor[0m [1;30mINFO[0m Executing jobs using 'parallel' executor
[0.389s] [34mcolcon.colcon_parallel_executor.executor.parallel[0m [1;30mDEBUG[0m [32mrun_until_complete[0m
[0.389s] [34mcolcon.colcon_ros.task.ament_cmake.build[0m [1;30mINFO[0m Building ROS package in '/Users/kshitij/Documents/ros2/writing_turtle/turtle_writer' with build type 'ament_cmake'
[0.389s] [34mcolcon.colcon_cmake.task.cmake.build[0m [1;30mINFO[0m Building CMake package in '/Users/kshitij/Documents/ros2/writing_turtle/turtle_writer'
[0.392s] [34mcolcon.colcon_core.plugin_system[0m [1;30mINFO[0m Skipping extension 'colcon_core.shell.bat': Not used on non-Windows systems
[0.392s] [34mcolcon.colcon_core.shell[0m [1;30mINFO[0m Skip shell extension 'powershell' for command environment: Not usable outside of PowerShell
[0.392s] [34mcolcon.colcon_core.shell[0m [1;30mDEBUG[0m [32mSkip shell extension 'dsv' for command environment[0m
[0.417s] [34mcolcon.colcon_core.event_handler.log_command[0m [1;30mDEBUG[0m [32mInvoking command in '/Users/kshitij/Documents/ros2/writing_turtle/build/turtle_writer': CMAKE_PREFIX_PATH=${CMAKE_PREFIX_PATH}:/Users/kshitij/miniforge3/envs/ros_env CONDA_PROMPT_MODIFIER=(ros_env) SHLVL=2 _=/usr/bin/env __CF_USER_TEXT_ENCODING=0x1F5:0x0:0x0 /opt/homebrew/bin/cmake /Users/kshitij/Documents/ros2/writing_turtle/turtle_writer -DCMAKE_INSTALL_PREFIX=/Users/kshitij/Documents/ros2/writing_turtle/install/turtle_writer[0m
[0.478s] [34mcolcon.colcon_core.event_handler.log_command[0m [1;30mDEBUG[0m [32mInvoked command in '/Users/kshitij/Documents/ros2/writing_turtle/build/turtle_writer' returned '1': CMAKE_PREFIX_PATH=${CMAKE_PREFIX_PATH}:/Users/kshitij/miniforge3/envs/ros_env CONDA_PROMPT_MODIFIER=(ros_env) SHLVL=2 _=/usr/bin/env __CF_USER_TEXT_ENCODING=0x1F5:0x0:0x0 /opt/homebrew/bin/cmake /Users/kshitij/Documents/ros2/writing_turtle/turtle_writer -DCMAKE_INSTALL_PREFIX=/Users/kshitij/Documents/ros2/writing_turtle/install/turtle_writer[0m
[0.484s] [34mcolcon.colcon_core.environment[0m [1;30mLevel 1[0m create_environment_scripts_only(turtle_writer)
[0.489s] [34mcolcon.colcon_core.environment[0m [1;30mLevel 1[0m checking '/Users/kshitij/Documents/ros2/writing_turtle/install/turtle_writer' for CMake module files
[0.490s] [34mcolcon.colcon_core.environment[0m [1;30mLevel 1[0m checking '/Users/kshitij/Documents/ros2/writing_turtle/install/turtle_writer' for CMake config files
[0.490s] [34mcolcon.colcon_core.shell[0m [1;30mLevel 1[0m create_environment_hook('turtle_writer', 'cmake_prefix_path')
[0.490s] [34mcolcon.colcon_core.shell[0m [1;30mINFO[0m Creating environment hook '/Users/kshitij/Documents/ros2/writing_turtle/install/turtle_writer/share/turtle_writer/hook/cmake_prefix_path.ps1'
[0.491s] [34mcolcon.colcon_core.shell[0m [1;30mINFO[0m Creating environment descriptor '/Users/kshitij/Documents/ros2/writing_turtle/install/turtle_writer/share/turtle_writer/hook/cmake_prefix_path.dsv'
[0.491s] [34mcolcon.colcon_core.shell[0m [1;30mINFO[0m Creating environment hook '/Users/kshitij/Documents/ros2/writing_turtle/install/turtle_writer/share/turtle_writer/hook/cmake_prefix_path.sh'
[0.492s] [34mcolcon.colcon_core.environment[0m [1;30mLevel 1[0m checking '/Users/kshitij/Documents/ros2/writing_turtle/install/turtle_writer/lib'
[0.492s] [34mcolcon.colcon_core.environment[0m [1;30mLevel 1[0m checking '/Users/kshitij/Documents/ros2/writing_turtle/install/turtle_writer/bin'
[0.492s] [34mcolcon.colcon_core.environment[0m [1;30mLevel 1[0m checking '/Users/kshitij/Documents/ros2/writing_turtle/install/turtle_writer/lib/pkgconfig/turtle_writer.pc'
[0.492s] [34mcolcon.colcon_core.environment[0m [1;30mLevel 1[0m checking '/Users/kshitij/Documents/ros2/writing_turtle/install/turtle_writer/lib/python3.11/site-packages'
[0.492s] [34mcolcon.colcon_core.environment[0m [1;30mLevel 1[0m checking '/Users/kshitij/Documents/ros2/writing_turtle/install/turtle_writer/bin'
[0.493s] [34mcolcon.colcon_core.shell[0m [1;30mINFO[0m Creating package script '/Users/kshitij/Documents/ros2/writing_turtle/install/turtle_writer/share/turtle_writer/package.ps1'
[0.493s] [34mcolcon.colcon_core.shell[0m [1;30mINFO[0m Creating package descriptor '/Users/kshitij/Documents/ros2/writing_turtle/install/turtle_writer/share/turtle_writer/package.dsv'
[0.494s] [34mcolcon.colcon_core.shell[0m [1;30mINFO[0m Creating package script '/Users/kshitij/Documents/ros2/writing_turtle/install/turtle_writer/share/turtle_writer/package.sh'
[0.494s] [34mcolcon.colcon_core.shell[0m [1;30mINFO[0m Creating package script '/Users/kshitij/Documents/ros2/writing_turtle/install/turtle_writer/share/turtle_writer/package.bash'
[0.495s] [34mcolcon.colcon_core.shell[0m [1;30mINFO[0m Creating package script '/Users/kshitij/Documents/ros2/writing_turtle/install/turtle_writer/share/turtle_writer/package.zsh'
[0.495s] [34mcolcon.colcon_core.environment[0m [1;30mLevel 1[0m create_file_with_runtime_dependencies(/Users/kshitij/Documents/ros2/writing_turtle/install/turtle_writer/share/colcon-core/packages/turtle_writer)
[0.496s] [34mcolcon.colcon_parallel_executor.executor.parallel[0m [1;30mDEBUG[0m [32mclosing loop[0m
[0.496s] [34mcolcon.colcon_parallel_executor.executor.parallel[0m [1;30mDEBUG[0m [32mloop closed[0m
[0.496s] [34mcolcon.colcon_parallel_executor.executor.parallel[0m [1;30mDEBUG[0m [32mrun_until_complete finished with '1'[0m
[0.496s] [34mcolcon.colcon_core.event_reactor[0m [1;30mDEBUG[0m [32mjoining thread[0m
[0.496s] [34mcolcon.colcon_core.event_reactor[0m [1;30mDEBUG[0m [32mjoined thread[0m
[0.496s] [34mcolcon.colcon_core.shell[0m [1;30mINFO[0m Creating prefix script '/Users/kshitij/Documents/ros2/writing_turtle/install/local_setup.ps1'
[0.497s] [34mcolcon.colcon_core.shell[0m [1;30mINFO[0m Creating prefix util module '/Users/kshitij/Documents/ros2/writing_turtle/install/_local_setup_util_ps1.py'
[0.498s] [34mcolcon.colcon_core.shell[0m [1;30mINFO[0m Creating prefix chain script '/Users/kshitij/Documents/ros2/writing_turtle/install/setup.ps1'
[0.499s] [34mcolcon.colcon_core.shell[0m [1;30mINFO[0m Creating prefix script '/Users/kshitij/Documents/ros2/writing_turtle/install/local_setup.sh'
[0.499s] [34mcolcon.colcon_core.shell[0m [1;30mINFO[0m Creating prefix util module '/Users/kshitij/Documents/ros2/writing_turtle/install/_local_setup_util_sh.py'
[0.500s] [34mcolcon.colcon_core.shell[0m [1;30mINFO[0m Creating prefix chain script '/Users/kshitij/Documents/ros2/writing_turtle/install/setup.sh'
[0.500s] [34mcolcon.colcon_core.shell[0m [1;30mINFO[0m Creating prefix script '/Users/kshitij/Documents/ros2/writing_turtle/install/local_setup.bash'
[0.501s] [34mcolcon.colcon_core.shell[0m [1;30mINFO[0m Creating prefix chain script '/Users/kshitij/Documents/ros2/writing_turtle/install/setup.bash'
[0.501s] [34mcolcon.colcon_core.shell[0m [1;30mINFO[0m Creating prefix script '/Users/kshitij/Documents/ros2/writing_turtle/install/local_setup.zsh'
[0.502s] [34mcolcon.colcon_core.shell[0m [1;30mINFO[0m Creating prefix chain script '/Users/kshitij/Documents/ros2/writing_turtle/install/setup.zsh'
