CMake Deprecation Warning at CMakeLists.txt:1 (cmake_minimum_required):
  Compatibility with CMake < 3.10 will be removed from a future version of
  CMake.

  Update the VERSION argument <min> value.  Or, use the <min>...<max> syntax
  to tell CMake that the project requires at least <min> but has been updated
  to work with policies introduced by <max> or earlier.


-- Found ament_cmake: 1.3.12 (/Users/kshitij/miniforge3/envs/ros_env/share/ament_cmake/cmake)
-- Override CMake install command with custom implementation using symlinks instead of copying resources
-- Found rclcpp: 16.0.13 (/Users/kshitij/miniforge3/envs/ros_env/share/rclcpp/cmake)
-- Found rosidl_generator_c: 3.1.6 (/Users/kshitij/miniforge3/envs/ros_env/share/rosidl_generator_c/cmake)
-- Found rosidl_adapter: 3.1.6 (/Users/kshitij/miniforge3/envs/ros_env/share/rosidl_adapter/cmake)
-- Found rosidl_generator_cpp: 3.1.6 (/Users/kshitij/miniforge3/envs/ros_env/share/rosidl_generator_cpp/cmake)
-- Using all available rosidl_typesupport_c: rosidl_typesupport_fastrtps_c;rosidl_typesupport_introspection_c
-- Using all available rosidl_typesupport_cpp: rosidl_typesupport_fastrtps_cpp;rosidl_typesupport_introspection_cpp
-- Found rmw_implementation_cmake: 6.1.2 (/Users/kshitij/miniforge3/envs/ros_env/share/rmw_implementation_cmake/cmake)
-- Found rmw_cyclonedds_cpp: 1.3.4 (/Users/kshitij/miniforge3/envs/ros_env/share/rmw_cyclonedds_cpp/cmake)
-- Using RMW implementation 'rmw_cyclonedds_cpp' as default
-- Found geometry_msgs: 4.9.0 (/Users/kshitij/miniforge3/envs/ros_env/share/geometry_msgs/cmake)
-- Found turtlesim: 1.4.2 (/Users/kshitij/miniforge3/envs/ros_env/share/turtlesim/cmake)
-- Found ament_lint_auto: 0.12.12 (/Users/kshitij/miniforge3/envs/ros_env/share/ament_lint_auto/cmake)
-- Added test 'lint_cmake' to check CMake code style
-- Added test 'xmllint' to check XML markup files
-- Configuring done (0.8s)
-- Generating done (0.0s)
-- Build files have been written to: /Users/kshitij/Documents/ros2/writing_turtle/build/turtle_writer
-- Install configuration: ""
-- Execute custom install script
-- Symlinking: /Users/kshitij/Documents/ros2/writing_turtle/install/turtle_writer/share/ament_index/resource_index/package_run_dependencies/turtle_writer
-- Symlinking: /Users/kshitij/Documents/ros2/writing_turtle/install/turtle_writer/share/ament_index/resource_index/parent_prefix_path/turtle_writer
-- Symlinking: /Users/kshitij/Documents/ros2/writing_turtle/install/turtle_writer/share/turtle_writer/environment/ament_prefix_path.sh
-- Symlinking: /Users/kshitij/Documents/ros2/writing_turtle/install/turtle_writer/share/turtle_writer/environment/ament_prefix_path.dsv
-- Symlinking: /Users/kshitij/Documents/ros2/writing_turtle/install/turtle_writer/share/turtle_writer/environment/path.sh
-- Symlinking: /Users/kshitij/Documents/ros2/writing_turtle/install/turtle_writer/share/turtle_writer/environment/path.dsv
-- Symlinking: /Users/kshitij/Documents/ros2/writing_turtle/install/turtle_writer/share/turtle_writer/local_setup.bash
-- Symlinking: /Users/kshitij/Documents/ros2/writing_turtle/install/turtle_writer/share/turtle_writer/local_setup.sh
-- Symlinking: /Users/kshitij/Documents/ros2/writing_turtle/install/turtle_writer/share/turtle_writer/local_setup.zsh
-- Symlinking: /Users/kshitij/Documents/ros2/writing_turtle/install/turtle_writer/share/turtle_writer/local_setup.dsv
-- Symlinking: /Users/kshitij/Documents/ros2/writing_turtle/install/turtle_writer/share/turtle_writer/package.dsv
-- Symlinking: /Users/kshitij/Documents/ros2/writing_turtle/install/turtle_writer/share/ament_index/resource_index/packages/turtle_writer
-- Symlinking: /Users/kshitij/Documents/ros2/writing_turtle/install/turtle_writer/share/turtle_writer/cmake/turtle_writerConfig.cmake
-- Symlinking: /Users/kshitij/Documents/ros2/writing_turtle/install/turtle_writer/share/turtle_writer/cmake/turtle_writerConfig-version.cmake
-- Symlinking: /Users/kshitij/Documents/ros2/writing_turtle/install/turtle_writer/share/turtle_writer/package.xml
