[0.018s] Invoking command in '/Users/kshitij/Documents/ros2/writing_turtle/build/turtle_writer': CMAKE_PREFIX_PATH=${CMAKE_PREFIX_PATH}:/Users/kshitij/miniforge3/envs/ros_env CONDA_PROMPT_MODIFIER=(ros_env) SHLVL=2 _=/usr/bin/env __CF_USER_TEXT_ENCODING=0x1F5:0x0:0x0 /opt/homebrew/bin/cmake /Users/kshitij/Documents/ros2/writing_turtle/turtle_writer -DAMENT_CMAKE_SYMLINK_INSTALL=1 -DCMAKE_INSTALL_PREFIX=/Users/kshitij/Documents/ros2/writing_turtle/install/turtle_writer
[0.053s] CMake Deprecation Warning at CMakeLists.txt:1 (cmake_minimum_required):
[0.053s]   Compatibility with CMake < 3.10 will be removed from a future version of
[0.054s]   CMake.
[0.054s] 
[0.054s]   Update the VERSION argument <min> value.  Or, use the <min>...<max> syntax
[0.054s]   to tell CMake that the project requires at least <min> but has been updated
[0.054s]   to work with policies introduced by <max> or earlier.
[0.054s] 
[0.054s] 
[0.098s] -- Found ament_cmake: 1.3.12 (/Users/kshitij/miniforge3/envs/ros_env/share/ament_cmake/cmake)
[0.244s] -- Override CMake install command with custom implementation using symlinks instead of copying resources
[0.271s] -- Found rclcpp: 16.0.13 (/Users/kshitij/miniforge3/envs/ros_env/share/rclcpp/cmake)
[0.329s] -- Found rosidl_generator_c: 3.1.6 (/Users/kshitij/miniforge3/envs/ros_env/share/rosidl_generator_c/cmake)
[0.334s] -- Found rosidl_adapter: 3.1.6 (/Users/kshitij/miniforge3/envs/ros_env/share/rosidl_adapter/cmake)
[0.348s] -- Found rosidl_generator_cpp: 3.1.6 (/Users/kshitij/miniforge3/envs/ros_env/share/rosidl_generator_cpp/cmake)
[0.366s] -- Using all available rosidl_typesupport_c: rosidl_typesupport_fastrtps_c;rosidl_typesupport_introspection_c
[0.388s] -- Using all available rosidl_typesupport_cpp: rosidl_typesupport_fastrtps_cpp;rosidl_typesupport_introspection_cpp
[0.511s] -- Found rmw_implementation_cmake: 6.1.2 (/Users/kshitij/miniforge3/envs/ros_env/share/rmw_implementation_cmake/cmake)
[0.514s] -- Found rmw_cyclonedds_cpp: 1.3.4 (/Users/kshitij/miniforge3/envs/ros_env/share/rmw_cyclonedds_cpp/cmake)
[0.551s] -- Using RMW implementation 'rmw_cyclonedds_cpp' as default
[0.629s] -- Found geometry_msgs: 4.9.0 (/Users/kshitij/miniforge3/envs/ros_env/share/geometry_msgs/cmake)
[0.681s] -- Found turtlesim: 1.4.2 (/Users/kshitij/miniforge3/envs/ros_env/share/turtlesim/cmake)
[0.761s] -- Found ament_lint_auto: 0.12.12 (/Users/kshitij/miniforge3/envs/ros_env/share/ament_lint_auto/cmake)
[0.846s] -- Added test 'lint_cmake' to check CMake code style
[0.848s] -- Added test 'xmllint' to check XML markup files
[0.849s] -- Configuring done (0.8s)
[0.879s] -- Generating done (0.0s)
[0.934s] -- Build files have been written to: /Users/kshitij/Documents/ros2/writing_turtle/build/turtle_writer
[0.937s] Invoked command in '/Users/kshitij/Documents/ros2/writing_turtle/build/turtle_writer' returned '0': CMAKE_PREFIX_PATH=${CMAKE_PREFIX_PATH}:/Users/kshitij/miniforge3/envs/ros_env CONDA_PROMPT_MODIFIER=(ros_env) SHLVL=2 _=/usr/bin/env __CF_USER_TEXT_ENCODING=0x1F5:0x0:0x0 /opt/homebrew/bin/cmake /Users/kshitij/Documents/ros2/writing_turtle/turtle_writer -DAMENT_CMAKE_SYMLINK_INSTALL=1 -DCMAKE_INSTALL_PREFIX=/Users/kshitij/Documents/ros2/writing_turtle/install/turtle_writer
[0.939s] Invoking command in '/Users/kshitij/Documents/ros2/writing_turtle/build/turtle_writer': CMAKE_PREFIX_PATH=${CMAKE_PREFIX_PATH}:/Users/kshitij/miniforge3/envs/ros_env CONDA_PROMPT_MODIFIER=(ros_env) SHLVL=2 _=/usr/bin/env __CF_USER_TEXT_ENCODING=0x1F5:0x0:0x0 /opt/homebrew/bin/cmake --build /Users/kshitij/Documents/ros2/writing_turtle/build/turtle_writer -- -j8 -l8
[0.972s] Invoked command in '/Users/kshitij/Documents/ros2/writing_turtle/build/turtle_writer' returned '0': CMAKE_PREFIX_PATH=${CMAKE_PREFIX_PATH}:/Users/kshitij/miniforge3/envs/ros_env CONDA_PROMPT_MODIFIER=(ros_env) SHLVL=2 _=/usr/bin/env __CF_USER_TEXT_ENCODING=0x1F5:0x0:0x0 /opt/homebrew/bin/cmake --build /Users/kshitij/Documents/ros2/writing_turtle/build/turtle_writer -- -j8 -l8
[0.984s] Invoking command in '/Users/kshitij/Documents/ros2/writing_turtle/build/turtle_writer': CMAKE_PREFIX_PATH=${CMAKE_PREFIX_PATH}:/Users/kshitij/miniforge3/envs/ros_env CONDA_PROMPT_MODIFIER=(ros_env) SHLVL=2 _=/usr/bin/env __CF_USER_TEXT_ENCODING=0x1F5:0x0:0x0 /opt/homebrew/bin/cmake --install /Users/kshitij/Documents/ros2/writing_turtle/build/turtle_writer
[0.989s] -- Install configuration: ""
[0.989s] -- Execute custom install script
[0.989s] -- Symlinking: /Users/kshitij/Documents/ros2/writing_turtle/install/turtle_writer/share/ament_index/resource_index/package_run_dependencies/turtle_writer
[0.994s] -- Symlinking: /Users/kshitij/Documents/ros2/writing_turtle/install/turtle_writer/share/ament_index/resource_index/parent_prefix_path/turtle_writer
[0.999s] -- Symlinking: /Users/kshitij/Documents/ros2/writing_turtle/install/turtle_writer/share/turtle_writer/environment/ament_prefix_path.sh
[1.004s] -- Symlinking: /Users/kshitij/Documents/ros2/writing_turtle/install/turtle_writer/share/turtle_writer/environment/ament_prefix_path.dsv
[1.009s] -- Symlinking: /Users/kshitij/Documents/ros2/writing_turtle/install/turtle_writer/share/turtle_writer/environment/path.sh
[1.015s] -- Symlinking: /Users/kshitij/Documents/ros2/writing_turtle/install/turtle_writer/share/turtle_writer/environment/path.dsv
[1.020s] -- Symlinking: /Users/kshitij/Documents/ros2/writing_turtle/install/turtle_writer/share/turtle_writer/local_setup.bash
[1.025s] -- Symlinking: /Users/kshitij/Documents/ros2/writing_turtle/install/turtle_writer/share/turtle_writer/local_setup.sh
[1.030s] -- Symlinking: /Users/kshitij/Documents/ros2/writing_turtle/install/turtle_writer/share/turtle_writer/local_setup.zsh
[1.035s] -- Symlinking: /Users/kshitij/Documents/ros2/writing_turtle/install/turtle_writer/share/turtle_writer/local_setup.dsv
[1.040s] -- Symlinking: /Users/kshitij/Documents/ros2/writing_turtle/install/turtle_writer/share/turtle_writer/package.dsv
[1.045s] -- Symlinking: /Users/kshitij/Documents/ros2/writing_turtle/install/turtle_writer/share/ament_index/resource_index/packages/turtle_writer
[1.050s] -- Symlinking: /Users/kshitij/Documents/ros2/writing_turtle/install/turtle_writer/share/turtle_writer/cmake/turtle_writerConfig.cmake
[1.055s] -- Symlinking: /Users/kshitij/Documents/ros2/writing_turtle/install/turtle_writer/share/turtle_writer/cmake/turtle_writerConfig-version.cmake
[1.060s] -- Symlinking: /Users/kshitij/Documents/ros2/writing_turtle/install/turtle_writer/share/turtle_writer/package.xml
[1.066s] Invoked command in '/Users/kshitij/Documents/ros2/writing_turtle/build/turtle_writer' returned '0': CMAKE_PREFIX_PATH=${CMAKE_PREFIX_PATH}:/Users/kshitij/miniforge3/envs/ros_env CONDA_PROMPT_MODIFIER=(ros_env) SHLVL=2 _=/usr/bin/env __CF_USER_TEXT_ENCODING=0x1F5:0x0:0x0 /opt/homebrew/bin/cmake --install /Users/kshitij/Documents/ros2/writing_turtle/build/turtle_writer
