-- The C compiler identification is Clang 19.1.7
-- The CXX compiler identification is Clang 19.1.7
-- Detecting C compiler ABI info
-- Detecting C compiler ABI info - done
-- Check for working C compiler: /Users/kshitij/miniforge3/envs/ros_env/bin/arm64-apple-darwin20.0.0-clang - skipped
-- Detecting C compile features
-- Detecting C compile features - done
-- Detecting CXX compiler ABI info
-- Detecting CXX compiler ABI info - done
-- Check for working CXX compiler: /Users/kshitij/miniforge3/envs/ros_env/bin/arm64-apple-darwin20.0.0-clang++ - skipped
-- Detecting CXX compile features
-- Detecting CXX compile features - done
-- Found ament_cmake: 1.3.12 (/Users/kshitij/miniforge3/envs/ros_env/share/ament_cmake/cmake)
-- Found Python3: /Users/kshitij/miniforge3/envs/ros_env/bin/python3 (found version "3.11.14") found components: Interpreter
-- Found rclcpp: 16.0.13 (/Users/kshitij/miniforge3/envs/ros_env/share/rclcpp/cmake)
-- Found rosidl_generator_c: 3.1.6 (/Users/kshitij/miniforge3/envs/ros_env/share/rosidl_generator_c/cmake)
-- Found rosidl_adapter: 3.1.6 (/Users/kshitij/miniforge3/envs/ros_env/share/rosidl_adapter/cmake)
-- Found rosidl_generator_cpp: 3.1.6 (/Users/kshitij/miniforge3/envs/ros_env/share/rosidl_generator_cpp/cmake)
-- Using all available rosidl_typesupport_c: rosidl_typesupport_fastrtps_c;rosidl_typesupport_introspection_c
-- Using all available rosidl_typesupport_cpp: rosidl_typesupport_fastrtps_cpp;rosidl_typesupport_introspection_cpp
-- Checking for module 'yaml-0.1'
--   Found yaml-0.1, version 0.2.5
-- Found rmw_implementation_cmake: 6.1.2 (/Users/kshitij/miniforge3/envs/ros_env/share/rmw_implementation_cmake/cmake)
-- Found rmw_cyclonedds_cpp: 1.3.4 (/Users/kshitij/miniforge3/envs/ros_env/share/rmw_cyclonedds_cpp/cmake)
-- Using RMW implementation 'rmw_cyclonedds_cpp' as default
-- Performing Test CMAKE_HAVE_LIBC_PTHREAD
-- Performing Test CMAKE_HAVE_LIBC_PTHREAD - Success
-- Found Threads: TRUE
-- Found geometry_msgs: 4.9.0 (/Users/kshitij/miniforge3/envs/ros_env/share/geometry_msgs/cmake)
-- Found turtlesim: 1.4.2 (/Users/kshitij/miniforge3/envs/ros_env/share/turtlesim/cmake)
-- Found ament_lint_auto: 0.12.12 (/Users/kshitij/miniforge3/envs/ros_env/share/ament_lint_auto/cmake)
-- Added test 'lint_cmake' to check CMake code style
-- Added test 'xmllint' to check XML markup files
-- Configuring done (3.9s)
-- Generating done (0.0s)
-- Build files have been written to: /Users/kshitij/Documents/ros2/writing_turtle/build/turtle_writer
-- Install configuration: ""
-- Installing: /Users/kshitij/Documents/ros2/writing_turtle/install/turtle_writer/share/ament_index/resource_index/package_run_dependencies/turtle_writer
-- Installing: /Users/kshitij/Documents/ros2/writing_turtle/install/turtle_writer/share/ament_index/resource_index/parent_prefix_path/turtle_writer
-- Installing: /Users/kshitij/Documents/ros2/writing_turtle/install/turtle_writer/share/turtle_writer/environment/ament_prefix_path.sh
-- Installing: /Users/kshitij/Documents/ros2/writing_turtle/install/turtle_writer/share/turtle_writer/environment/ament_prefix_path.dsv
-- Installing: /Users/kshitij/Documents/ros2/writing_turtle/install/turtle_writer/share/turtle_writer/environment/path.sh
-- Installing: /Users/kshitij/Documents/ros2/writing_turtle/install/turtle_writer/share/turtle_writer/environment/path.dsv
-- Installing: /Users/kshitij/Documents/ros2/writing_turtle/install/turtle_writer/share/turtle_writer/local_setup.bash
-- Installing: /Users/kshitij/Documents/ros2/writing_turtle/install/turtle_writer/share/turtle_writer/local_setup.sh
-- Installing: /Users/kshitij/Documents/ros2/writing_turtle/install/turtle_writer/share/turtle_writer/local_setup.zsh
-- Installing: /Users/kshitij/Documents/ros2/writing_turtle/install/turtle_writer/share/turtle_writer/local_setup.dsv
-- Installing: /Users/kshitij/Documents/ros2/writing_turtle/install/turtle_writer/share/turtle_writer/package.dsv
-- Installing: /Users/kshitij/Documents/ros2/writing_turtle/install/turtle_writer/share/ament_index/resource_index/packages/turtle_writer
-- Installing: /Users/kshitij/Documents/ros2/writing_turtle/install/turtle_writer/share/turtle_writer/cmake/turtle_writerConfig.cmake
-- Installing: /Users/kshitij/Documents/ros2/writing_turtle/install/turtle_writer/share/turtle_writer/cmake/turtle_writerConfig-version.cmake
-- Installing: /Users/kshitij/Documents/ros2/writing_turtle/install/turtle_writer/share/turtle_writer/package.xml
