[0.023s] Invoking command in '/Users/kshitij/Documents/ros2/writing_turtle/build/turtle_writer': CMAKE_PREFIX_PATH=${CMAKE_PREFIX_PATH}:/Users/kshitij/miniforge3/envs/ros_env CONDA_PROMPT_MODIFIER=(ros_env) SHLVL=2 _=/usr/bin/env __CF_USER_TEXT_ENCODING=0x1F5:0x0:0x0 /opt/homebrew/bin/cmake /Users/kshitij/Documents/ros2/writing_turtle/turtle_writer -DCMAKE_INSTALL_PREFIX=/Users/kshitij/Documents/ros2/writing_turtle/install/turtle_writer
[0.055s] CMake Deprecation Warning at CMakeLists.txt:1 (cmake_minimum_required):
[0.055s]   Compatibility with CMake < 3.10 will be removed from a future version of
[0.055s]   CMake.
[0.055s] 
[0.055s]   Update the VERSION argument <min> value.  Or, use the <min>...<max> syntax
[0.055s]   to tell CMake that the project requires at least <min> but has been updated
[0.055s]   to work with policies introduced by <max> or earlier.
[0.055s] 
[0.055s] 
[0.548s] -- The C compiler identification is Clang 19.1.7
[0.740s] -- The CXX compiler identification is Clang 19.1.7
[0.771s] -- Detecting C compiler ABI info
[0.927s] -- Detecting C compiler ABI info - done
[0.933s] -- Check for working C compiler: /Users/kshitij/miniforge3/envs/ros_env/bin/arm64-apple-darwin20.0.0-clang - skipped
[0.933s] -- Detecting C compile features
[0.934s] -- Detecting C compile features - done
[0.940s] -- Detecting CXX compiler ABI info
[1.106s] -- Detecting CXX compiler ABI info - done
[1.115s] -- Check for working CXX compiler: /Users/kshitij/miniforge3/envs/ros_env/bin/arm64-apple-darwin20.0.0-clang++ - skipped
[1.115s] -- Detecting CXX compile features
[1.115s] -- Detecting CXX compile features - done
[1.147s] -- Found ament_cmake: 1.3.12 (/Users/kshitij/miniforge3/envs/ros_env/share/ament_cmake/cmake)
[1.267s] -- Found Python3: /Users/kshitij/miniforge3/envs/ros_env/bin/python3 (found version "3.11.14") found components: Interpreter
[1.510s] -- Found rclcpp: 16.0.13 (/Users/kshitij/miniforge3/envs/ros_env/share/rclcpp/cmake)
[1.685s] -- Found rosidl_generator_c: 3.1.6 (/Users/kshitij/miniforge3/envs/ros_env/share/rosidl_generator_c/cmake)
[1.711s] -- Found rosidl_adapter: 3.1.6 (/Users/kshitij/miniforge3/envs/ros_env/share/rosidl_adapter/cmake)
[1.748s] -- Found rosidl_generator_cpp: 3.1.6 (/Users/kshitij/miniforge3/envs/ros_env/share/rosidl_generator_cpp/cmake)
[1.792s] -- Using all available rosidl_typesupport_c: rosidl_typesupport_fastrtps_c;rosidl_typesupport_introspection_c
[1.847s] -- Using all available rosidl_typesupport_cpp: rosidl_typesupport_fastrtps_cpp;rosidl_typesupport_introspection_cpp
[2.617s] -- Checking for module 'yaml-0.1'
[2.758s] --   Found yaml-0.1, version 0.2.5
[3.109s] -- Found rmw_implementation_cmake: 6.1.2 (/Users/kshitij/miniforge3/envs/ros_env/share/rmw_implementation_cmake/cmake)
[3.123s] -- Found rmw_cyclonedds_cpp: 1.3.4 (/Users/kshitij/miniforge3/envs/ros_env/share/rmw_cyclonedds_cpp/cmake)
[3.217s] -- Using RMW implementation 'rmw_cyclonedds_cpp' as default
[3.260s] -- Performing Test CMAKE_HAVE_LIBC_PTHREAD
[3.447s] -- Performing Test CMAKE_HAVE_LIBC_PTHREAD - Success
[3.448s] -- Found Threads: TRUE
[3.570s] -- Found geometry_msgs: 4.9.0 (/Users/kshitij/miniforge3/envs/ros_env/share/geometry_msgs/cmake)
[3.650s] -- Found turtlesim: 1.4.2 (/Users/kshitij/miniforge3/envs/ros_env/share/turtlesim/cmake)
[3.775s] -- Found ament_lint_auto: 0.12.12 (/Users/kshitij/miniforge3/envs/ros_env/share/ament_lint_auto/cmake)
[3.936s] -- Added test 'lint_cmake' to check CMake code style
[3.938s] -- Added test 'xmllint' to check XML markup files
[3.941s] -- Configuring done (3.9s)
[3.971s] -- Generating done (0.0s)
[4.011s] -- Build files have been written to: /Users/kshitij/Documents/ros2/writing_turtle/build/turtle_writer
[4.013s] Invoked command in '/Users/kshitij/Documents/ros2/writing_turtle/build/turtle_writer' returned '0': CMAKE_PREFIX_PATH=${CMAKE_PREFIX_PATH}:/Users/kshitij/miniforge3/envs/ros_env CONDA_PROMPT_MODIFIER=(ros_env) SHLVL=2 _=/usr/bin/env __CF_USER_TEXT_ENCODING=0x1F5:0x0:0x0 /opt/homebrew/bin/cmake /Users/kshitij/Documents/ros2/writing_turtle/turtle_writer -DCMAKE_INSTALL_PREFIX=/Users/kshitij/Documents/ros2/writing_turtle/install/turtle_writer
[4.016s] Invoking command in '/Users/kshitij/Documents/ros2/writing_turtle/build/turtle_writer': CMAKE_PREFIX_PATH=${CMAKE_PREFIX_PATH}:/Users/kshitij/miniforge3/envs/ros_env CONDA_PROMPT_MODIFIER=(ros_env) SHLVL=2 _=/usr/bin/env __CF_USER_TEXT_ENCODING=0x1F5:0x0:0x0 /opt/homebrew/bin/cmake --build /Users/kshitij/Documents/ros2/writing_turtle/build/turtle_writer -- -j8 -l8
[4.045s] Invoked command in '/Users/kshitij/Documents/ros2/writing_turtle/build/turtle_writer' returned '0': CMAKE_PREFIX_PATH=${CMAKE_PREFIX_PATH}:/Users/kshitij/miniforge3/envs/ros_env CONDA_PROMPT_MODIFIER=(ros_env) SHLVL=2 _=/usr/bin/env __CF_USER_TEXT_ENCODING=0x1F5:0x0:0x0 /opt/homebrew/bin/cmake --build /Users/kshitij/Documents/ros2/writing_turtle/build/turtle_writer -- -j8 -l8
[4.058s] Invoking command in '/Users/kshitij/Documents/ros2/writing_turtle/build/turtle_writer': CMAKE_PREFIX_PATH=${CMAKE_PREFIX_PATH}:/Users/kshitij/miniforge3/envs/ros_env CONDA_PROMPT_MODIFIER=(ros_env) SHLVL=2 _=/usr/bin/env __CF_USER_TEXT_ENCODING=0x1F5:0x0:0x0 /opt/homebrew/bin/cmake --install /Users/kshitij/Documents/ros2/writing_turtle/build/turtle_writer
[4.062s] -- Install configuration: ""
[4.063s] -- Installing: /Users/kshitij/Documents/ros2/writing_turtle/install/turtle_writer/share/ament_index/resource_index/package_run_dependencies/turtle_writer
[4.063s] -- Installing: /Users/kshitij/Documents/ros2/writing_turtle/install/turtle_writer/share/ament_index/resource_index/parent_prefix_path/turtle_writer
[4.063s] -- Installing: /Users/kshitij/Documents/ros2/writing_turtle/install/turtle_writer/share/turtle_writer/environment/ament_prefix_path.sh
[4.063s] -- Installing: /Users/kshitij/Documents/ros2/writing_turtle/install/turtle_writer/share/turtle_writer/environment/ament_prefix_path.dsv
[4.064s] -- Installing: /Users/kshitij/Documents/ros2/writing_turtle/install/turtle_writer/share/turtle_writer/environment/path.sh
[4.064s] -- Installing: /Users/kshitij/Documents/ros2/writing_turtle/install/turtle_writer/share/turtle_writer/environment/path.dsv
[4.064s] -- Installing: /Users/kshitij/Documents/ros2/writing_turtle/install/turtle_writer/share/turtle_writer/local_setup.bash
[4.064s] -- Installing: /Users/kshitij/Documents/ros2/writing_turtle/install/turtle_writer/share/turtle_writer/local_setup.sh
[4.065s] -- Installing: /Users/kshitij/Documents/ros2/writing_turtle/install/turtle_writer/share/turtle_writer/local_setup.zsh
[4.065s] -- Installing: /Users/kshitij/Documents/ros2/writing_turtle/install/turtle_writer/share/turtle_writer/local_setup.dsv
[4.065s] -- Installing: /Users/kshitij/Documents/ros2/writing_turtle/install/turtle_writer/share/turtle_writer/package.dsv
[4.065s] -- Installing: /Users/kshitij/Documents/ros2/writing_turtle/install/turtle_writer/share/ament_index/resource_index/packages/turtle_writer
[4.066s] -- Installing: /Users/kshitij/Documents/ros2/writing_turtle/install/turtle_writer/share/turtle_writer/cmake/turtle_writerConfig.cmake
[4.066s] -- Installing: /Users/kshitij/Documents/ros2/writing_turtle/install/turtle_writer/share/turtle_writer/cmake/turtle_writerConfig-version.cmake
[4.066s] -- Installing: /Users/kshitij/Documents/ros2/writing_turtle/install/turtle_writer/share/turtle_writer/package.xml
[4.067s] Invoked command in '/Users/kshitij/Documents/ros2/writing_turtle/build/turtle_writer' returned '0': CMAKE_PREFIX_PATH=${CMAKE_PREFIX_PATH}:/Users/kshitij/miniforge3/envs/ros_env CONDA_PROMPT_MODIFIER=(ros_env) SHLVL=2 _=/usr/bin/env __CF_USER_TEXT_ENCODING=0x1F5:0x0:0x0 /opt/homebrew/bin/cmake --install /Users/kshitij/Documents/ros2/writing_turtle/build/turtle_writer
